<?xml version="1.0" encoding="utf-8"?><testsuites name="pytest tests"><testsuite name="pytest" errors="0" failures="2" skipped="0" tests="16" time="7.708" timestamp="2026-08-07T04:51:11.264861+00:00" hostname="agent-env-c622489f-6efa-4979-9fc2-c17995a7c8d2"><testcase classname="tests.backend_test_v3.TestPasswordReset" name="test_forgot_password_existing_email_ok" time="0.877" /><testcase classname="tests.backend_test_v3.TestUploads" name="test_upload_document_and_download" time="0.954"><failure message="assert 401 == 200&#10; +  where 401 = &lt;Response [401]&gt;.status_code">backend/tests/backend_test_v3.py:134: in test_upload_document_and_download
    assert r2.status_code == 200
E   assert 401 == 200
E    +  where 401 = &lt;Response [401]&gt;.status_code</failure></testcase><testcase classname="tests.backend_test_v3.TestPasswordReset" name="test_forgot_password_unknown_email_still_ok" time="0.108" /><testcase classname="tests.backend_test_v3.TestUploads" name="test_download_isolated_from_other_user" time="1.294"><failure message="assert 401 == 404&#10; +  where 401 = &lt;Response [401]&gt;.status_code">backend/tests/backend_test_v3.py:146: in test_download_isolated_from_other_user
    assert r_other.status_code == 404
E   assert 401 == 404
E    +  where 401 = &lt;Response [401]&gt;.status_code</failure></testcase><testcase classname="tests.backend_test_v3.TestPasswordReset" name="test_reset_password_flow_end_to_end" time="2.957" /><testcase classname="tests.backend_test_v3.TestUploads" name="test_upload_too_large" time="1.110" /><testcase classname="tests.backend_test_v3.TestUploads" name="test_upload_logo_sets_company_logo_path" time="1.031" /><testcase classname="tests.backend_test_v3.TestEmailSend" name="test_quote_send_sets_status_elkuldve" time="1.408" /><testcase classname="tests.backend_test_v3.TestAuthGuardNew" name="test_requires_auth[/payments]" time="0.099" /><testcase classname="tests.backend_test_v3.TestAuthGuardNew" name="test_requires_auth[/uploads]" time="0.097" /><testcase classname="tests.backend_test_v3.TestPayments" name="test_payments_crud_and_isolation" time="1.399" /><testcase classname="tests.backend_test_v3.TestEmailSend" name="test_invoice_send_sets_status_kiallitva" time="0.456" /><testcase classname="tests.backend_test_v3.TestEmailSend" name="test_send_without_recipient_400" time="0.135" /><testcase classname="tests.backend_test_v3.TestSeedIdempotent" name="test_double_seed_leaves_three_customers" time="0.897" /><testcase classname="tests.backend_test_v3.TestReportsProfit" name="test_reports_has_profit_fields" time="0.586" /><testcase classname="tests.backend_test_v3.TestStatusFlow" name="test_quote_to_job_uses_munka_letrehozva_and_elfogadva" time="0.414" /></testsuite></testsuites>