<?xml version="1.0" encoding="utf-8"?><testsuites name="pytest tests"><testsuite name="pytest" errors="0" failures="0" skipped="0" tests="7" time="4.394" timestamp="2026-08-07T05:29:13.789985+00:00" hostname="agent-env-c622489f-6efa-4979-9fc2-c17995a7c8d2"><testcase classname="tests.backend_test_v5" name="test_root_endpoint" time="0.119" /><testcase classname="tests.backend_test_v5" name="test_demo_dashboard_shape" time="0.420" /><testcase classname="tests.backend_test_v5" name="test_demo_customer_names" time="0.096" /><testcase classname="tests.backend_test_v5" name="test_full_business_flow" time="1.385" /><testcase classname="tests.backend_test_v5" name="test_isolation_from_demo" time="0.382" /><testcase classname="tests.backend_test_v5" name="test_no_auth_returns_401" time="0.752" /><testcase classname="tests.backend_test_v5" name="test_register_then_login_roundtrip" time="0.634" /></testsuite></testsuites>