<?xml version="1.0" encoding="utf-8"?><testsuites name="pytest tests"><testsuite name="pytest" errors="0" failures="0" skipped="0" tests="11" time="6.878" timestamp="2026-08-07T16:17:37.700820+00:00" hostname="agent-env-c622489f-6efa-4979-9fc2-c17995a7c8d2"><testcase classname="tests.backend_test_v6" name="test_demo_jobs_only_new_statuses" time="0.580" /><testcase classname="tests.backend_test_v6" name="test_demo_quotes_only_new_statuses" time="0.145" /><testcase classname="tests.backend_test_v6" name="test_dashboard_has_deadline_relevant_fields" time="0.112" /><testcase classname="tests.backend_test_v6" name="test_calendar_endpoint_ok" time="0.116" /><testcase classname="tests.backend_test_v6" name="test_create_quote_without_items_material_labor_only" time="1.275" /><testcase classname="tests.backend_test_v6" name="test_quote_status_enum_supported" time="0.574" /><testcase classname="tests.backend_test_v6" name="test_job_status_enum_supported" time="0.513" /><testcase classname="tests.backend_test_v6" name="test_notifications_are_event_driven" time="1.881" /><testcase classname="tests.backend_test_v6" name="test_pricing_page_public" time="0.116" /><testcase classname="tests.backend_test_v6" name="test_quote_attachment_upload_and_download" time="0.832" /><testcase classname="tests.backend_test_v6" name="test_notifications_requires_auth" time="0.136" /></testsuite></testsuites>