<?xml version="1.0" encoding="utf-8"?><testsuites name="pytest tests"><testsuite name="pytest" errors="0" failures="0" skipped="0" tests="24" time="69.815" timestamp="2026-08-07T04:53:13.209802+00:00" hostname="agent-env-c622489f-6efa-4979-9fc2-c17995a7c8d2"><testcase classname="tests.backend_test.TestAuth" name="test_register_new_user" time="0.365" /><testcase classname="tests.backend_test.TestAuthGuard" name="test_endpoint_requires_auth[/customers]" time="0.131" /><testcase classname="tests.backend_test.TestAuthGuard" name="test_endpoint_requires_auth[/jobs]" time="0.231" /><testcase classname="tests.backend_test.TestAuthGuard" name="test_endpoint_requires_auth[/quotes]" time="0.095" /><testcase classname="tests.backend_test.TestAuth" name="test_register_duplicate_email_400" time="36.501" /><testcase classname="tests.backend_test.TestAuthGuard" name="test_endpoint_requires_auth[/invoices]" time="68.248" /><testcase classname="tests.backend_test.TestAuth" name="test_login_demo_success" time="0.315" /><testcase classname="tests.backend_test.TestAuth" name="test_login_wrong_password_401" time="0.322" /><testcase classname="tests.backend_test.TestAuth" name="test_me_requires_token" time="0.096" /><testcase classname="tests.backend_test.TestAuth" name="test_me_with_token" time="0.414" /><testcase classname="tests.backend_test.TestIsolation" name="test_two_users_see_only_their_data" time="1.095" /><testcase classname="tests.backend_test.TestIsolation" name="test_dashboard_isolation" time="0.451" /><testcase classname="tests.backend_test.TestCustomers" name="test_crud" time="0.303" /><testcase classname="tests.backend_test.TestJobs" name="test_crud" time="0.181" /><testcase classname="tests.backend_test.TestQuoteJobInvoiceFlow" name="test_full_flow" time="0.618" /><testcase classname="tests.backend_test.TestInvoices" name="test_crud" time="0.146" /><testcase classname="tests.backend_test.TestReports" name="test_reports_structure" time="0.065" /><testcase classname="tests.backend_test.TestCompany" name="test_get_and_save" time="0.088" /><testcase classname="tests.backend_test.TestDashboard" name="test_dashboard" time="0.050" /><testcase classname="tests.backend_test.TestAuthGuard" name="test_endpoint_requires_auth[/worklogs]" time="0.136" /><testcase classname="tests.backend_test.TestAuthGuard" name="test_endpoint_requires_auth[/documents]" time="0.108" /><testcase classname="tests.backend_test.TestAuthGuard" name="test_endpoint_requires_auth[/dashboard]" time="0.092" /><testcase classname="tests.backend_test.TestAuthGuard" name="test_endpoint_requires_auth[/reports]" time="0.099" /><testcase classname="tests.backend_test.TestAuthGuard" name="test_endpoint_requires_auth[/company]" time="0.104" /></testsuite></testsuites>