<?xml version="1.0" encoding="utf-8"?><testsuites name="pytest tests"><testsuite name="pytest" errors="0" failures="0" skipped="0" tests="62" time="16.525" timestamp="2026-08-07T05:10:24.110882+00:00" hostname="agent-env-c622489f-6efa-4979-9fc2-c17995a7c8d2"><testcase classname="tests.backend_test_v4.TestAuthGuardRegression" name="test_requires_bearer[/customers]" time="0.151" /><testcase classname="tests.backend_test.TestAuthGuard" name="test_endpoint_requires_auth[/customers]" time="0.151" /><testcase classname="tests.backend_test.TestAuthGuard" name="test_endpoint_requires_auth[/jobs]" time="0.099" /><testcase classname="tests.backend_test_v4.TestAuthGuardRegression" name="test_requires_bearer[/jobs]" time="0.102" /><testcase classname="tests.backend_test.TestAuthGuard" name="test_endpoint_requires_auth[/quotes]" time="0.103" /><testcase classname="tests.backend_test_v4.TestAuthGuardRegression" name="test_requires_bearer[/quotes]" time="0.098" /><testcase classname="tests.backend_test_v4.TestAuthGuardRegression" name="test_requires_bearer[/invoices]" time="0.096" /><testcase classname="tests.backend_test.TestAuthGuard" name="test_endpoint_requires_auth[/invoices]" time="0.172" /><testcase classname="tests.backend_test_v4.TestAuthGuardRegression" name="test_requires_bearer[/payments]" time="0.097" /><testcase classname="tests.backend_test.TestAuthGuard" name="test_endpoint_requires_auth[/worklogs]" time="0.106" /><testcase classname="tests.backend_test_v4.TestAuthGuardRegression" name="test_requires_bearer[/documents]" time="0.096" /><testcase classname="tests.backend_test.TestAuthGuard" name="test_endpoint_requires_auth[/documents]" time="0.098" /><testcase classname="tests.backend_test_v4.TestAuthGuardRegression" name="test_requires_bearer[/reports]" time="0.093" /><testcase classname="tests.backend_test.TestAuthGuard" name="test_endpoint_requires_auth[/dashboard]" time="0.146" /><testcase classname="tests.backend_test_v4.TestAuthGuardRegression" name="test_requires_bearer[/calendar]" time="0.094" /><testcase classname="tests.backend_test_v4.TestAuthGuardRegression" name="test_requires_bearer[/search]" time="0.093" /><testcase classname="tests.backend_test.TestAuthGuard" name="test_endpoint_requires_auth[/reports]" time="0.094" /><testcase classname="tests.backend_test.TestAuth" name="test_register_new_user" time="0.326" /><testcase classname="tests.backend_test.TestAuthGuard" name="test_endpoint_requires_auth[/company]" time="0.271" /><testcase classname="tests.backend_test_v4.TestGlobalSearch" name="test_search_requires_auth" time="0.100" /><testcase classname="tests.backend_test.TestAuth" name="test_register_duplicate_email_400" time="0.673" /><testcase classname="tests.backend_test_v4.TestGlobalSearch" name="test_search_short_query_empty" time="0.573" /><testcase classname="tests.backend_test_v4.TestGlobalSearch" name="test_search_returns_multi_kind_results" time="0.046" /><testcase classname="tests.backend_test.TestAuth" name="test_login_demo_success" time="0.325" /><testcase classname="tests.backend_test_v4.TestGlobalSearch" name="test_search_isolation_between_users" time="1.588" /><testcase classname="tests.backend_test.TestAuth" name="test_login_wrong_password_401" time="0.487" /><testcase classname="tests.backend_test.TestAuth" name="test_me_requires_token" time="0.330" /><testcase classname="tests.backend_test.TestAuth" name="test_me_with_token" time="0.423" /><testcase classname="tests.backend_test_v4.TestContactsPublic" name="test_contact_post_no_auth_ok" time="0.918" /><testcase classname="tests.backend_test_v3.TestUploads" name="test_upload_document_and_download" time="0.852" /><testcase classname="tests.backend_test_v3.TestUploads" name="test_download_isolated_from_other_user" time="1.816" /><testcase classname="tests.backend_test_v4.TestContactsPublic" name="test_contact_invalid_email_422" time="0.099" /><testcase classname="tests.backend_test_v4.TestContactsPublic" name="test_contact_missing_fields_422" time="0.278" /><testcase classname="tests.backend_test_v4.TestCustomerHistory" name="test_history_requires_auth" time="0.112" /><testcase classname="tests.backend_test_v4.TestCustomerHistory" name="test_history_returns_full_payload" time="0.980" /><testcase classname="tests.backend_test_v4.TestCustomerHistory" name="test_history_other_user_404" time="1.136" /><testcase classname="tests.backend_test_v3.TestUploads" name="test_upload_too_large" time="1.298" /><testcase classname="tests.backend_test_v4.TestCalendar" name="test_calendar_requires_auth" time="0.103" /><testcase classname="tests.backend_test_v4.TestCalendar" name="test_calendar_returns_events_sorted" time="0.051" /><testcase classname="tests.backend_test_v4.TestCalendar" name="test_calendar_user_scoped" time="1.376" /><testcase classname="tests.backend_test_v3.TestUploads" name="test_upload_logo_sets_company_logo_path" time="0.994" /><testcase classname="tests.backend_test_v3.TestPasswordReset" name="test_forgot_password_existing_email_ok" time="0.569" /><testcase classname="tests.backend_test_v3.TestEmailSend" name="test_quote_send_sets_status_elkuldve" time="1.133" /><testcase classname="tests.backend_test_v3.TestPasswordReset" name="test_forgot_password_unknown_email_still_ok" time="0.102" /><testcase classname="tests.backend_test_v3.TestPasswordReset" name="test_reset_password_flow_end_to_end" time="2.575" /><testcase classname="tests.backend_test_v3.TestEmailSend" name="test_invoice_send_sets_status_kiallitva" time="0.413" /><testcase classname="tests.backend_test_v3.TestEmailSend" name="test_send_without_recipient_400" time="0.214" /><testcase classname="tests.backend_test.TestIsolation" name="test_two_users_see_only_their_data" time="1.703" /><testcase classname="tests.backend_test_v3.TestAuthGuardNew" name="test_requires_auth[/payments]" time="0.152" /><testcase classname="tests.backend_test_v3.TestAuthGuardNew" name="test_requires_auth[/uploads]" time="0.110" /><testcase classname="tests.backend_test.TestIsolation" name="test_dashboard_isolation" time="0.662" /><testcase classname="tests.backend_test_v3.TestReportsProfit" name="test_reports_has_profit_fields" time="0.651" /><testcase classname="tests.backend_test_v3.TestPayments" name="test_payments_crud_and_isolation" time="1.596" /><testcase classname="tests.backend_test_v3.TestStatusFlow" name="test_quote_to_job_uses_munka_letrehozva_and_elfogadva" time="0.884" /><testcase classname="tests.backend_test.TestCustomers" name="test_crud" time="0.771" /><testcase classname="tests.backend_test_v3.TestSeedIdempotent" name="test_double_seed_leaves_three_customers" time="0.774" /><testcase classname="tests.backend_test.TestQuoteJobInvoiceFlow" name="test_full_flow" time="1.212" /><testcase classname="tests.backend_test.TestJobs" name="test_crud" time="0.451" /><testcase classname="tests.backend_test.TestReports" name="test_reports_structure" time="0.046" /><testcase classname="tests.backend_test.TestInvoices" name="test_crud" time="0.238" /><testcase classname="tests.backend_test.TestDashboard" name="test_dashboard" time="0.052" /><testcase classname="tests.backend_test.TestCompany" name="test_get_and_save" time="0.092" /></testsuite></testsuites>