<?xml version="1.0" encoding="utf-8"?><testsuites name="pytest tests"><testsuite name="pytest" errors="0" failures="0" skipped="0" tests="22" time="4.889" timestamp="2026-08-07T05:09:00.233080+00:00" hostname="agent-env-c622489f-6efa-4979-9fc2-c17995a7c8d2"><testcase classname="tests.backend_test_v4.TestGlobalSearch" name="test_search_requires_auth" time="0.198" /><testcase classname="tests.backend_test_v4.TestAuthGuardRegression" name="test_requires_bearer[/customers]" time="0.266" /><testcase classname="tests.backend_test_v4.TestAuthGuardRegression" name="test_requires_bearer[/jobs]" time="0.275" /><testcase classname="tests.backend_test_v4.TestAuthGuardRegression" name="test_requires_bearer[/quotes]" time="0.173" /><testcase classname="tests.backend_test_v4.TestGlobalSearch" name="test_search_short_query_empty" time="0.462" /><testcase classname="tests.backend_test_v4.TestGlobalSearch" name="test_search_returns_multi_kind_results" time="0.050" /><testcase classname="tests.backend_test_v4.TestGlobalSearch" name="test_search_isolation_between_users" time="1.173" /><testcase classname="tests.backend_test_v4.TestAuthGuardRegression" name="test_requires_bearer[/invoices]" time="0.099" /><testcase classname="tests.backend_test_v4.TestAuthGuardRegression" name="test_requires_bearer[/payments]" time="0.282" /><testcase classname="tests.backend_test_v4.TestAuthGuardRegression" name="test_requires_bearer[/documents]" time="0.095" /><testcase classname="tests.backend_test_v4.TestAuthGuardRegression" name="test_requires_bearer[/reports]" time="0.254" /><testcase classname="tests.backend_test_v4.TestAuthGuardRegression" name="test_requires_bearer[/calendar]" time="0.094" /><testcase classname="tests.backend_test_v4.TestAuthGuardRegression" name="test_requires_bearer[/search]" time="0.104" /><testcase classname="tests.backend_test_v4.TestCustomerHistory" name="test_history_requires_auth" time="0.149" /><testcase classname="tests.backend_test_v4.TestContactsPublic" name="test_contact_post_no_auth_ok" time="0.794" /><testcase classname="tests.backend_test_v4.TestCustomerHistory" name="test_history_returns_full_payload" time="0.515" /><testcase classname="tests.backend_test_v4.TestCustomerHistory" name="test_history_other_user_404" time="0.865" /><testcase classname="tests.backend_test_v4.TestContactsPublic" name="test_contact_invalid_email_422" time="0.292" /><testcase classname="tests.backend_test_v4.TestContactsPublic" name="test_contact_missing_fields_422" time="0.100" /><testcase classname="tests.backend_test_v4.TestCalendar" name="test_calendar_requires_auth" time="0.108" /><testcase classname="tests.backend_test_v4.TestCalendar" name="test_calendar_returns_events_sorted" time="0.054" /><testcase classname="tests.backend_test_v4.TestCalendar" name="test_calendar_user_scoped" time="0.899" /></testsuite></testsuites>