<?xml version="1.0" encoding="utf-8"?><testsuites name="pytest tests"><testsuite name="pytest" errors="0" failures="0" skipped="0" tests="24" time="4.987" timestamp="2026-08-07T04:19:50.503007+00:00" hostname="agent-env-c622489f-6efa-4979-9fc2-c17995a7c8d2"><testcase classname="tests.backend_test.TestAuth" name="test_register_new_user" time="0.415" /><testcase classname="tests.backend_test.TestAuthGuard" name="test_endpoint_requires_auth[/customers]" time="0.459" /><testcase classname="tests.backend_test.TestAuth" name="test_register_duplicate_email_400" time="0.425" /><testcase classname="tests.backend_test.TestAuthGuard" name="test_endpoint_requires_auth[/jobs]" time="0.279" /><testcase classname="tests.backend_test.TestAuthGuard" name="test_endpoint_requires_auth[/quotes]" time="0.099" /><testcase classname="tests.backend_test.TestAuthGuard" name="test_endpoint_requires_auth[/invoices]" time="0.094" /><testcase classname="tests.backend_test.TestAuth" name="test_login_demo_success" time="0.337" /><testcase classname="tests.backend_test.TestAuthGuard" name="test_endpoint_requires_auth[/worklogs]" time="0.247" /><testcase classname="tests.backend_test.TestAuth" name="test_login_wrong_password_401" time="0.350" /><testcase classname="tests.backend_test.TestAuthGuard" name="test_endpoint_requires_auth[/documents]" time="0.093" /><testcase classname="tests.backend_test.TestAuthGuard" name="test_endpoint_requires_auth[/dashboard]" time="0.255" /><testcase classname="tests.backend_test.TestAuth" name="test_me_requires_token" time="0.107" /><testcase classname="tests.backend_test.TestAuthGuard" name="test_endpoint_requires_auth[/reports]" time="0.109" /><testcase classname="tests.backend_test.TestAuthGuard" name="test_endpoint_requires_auth[/company]" time="0.318" /><testcase classname="tests.backend_test.TestAuth" name="test_me_with_token" time="0.680" /><testcase classname="tests.backend_test.TestCustomers" name="test_crud" time="1.055" /><testcase classname="tests.backend_test.TestIsolation" name="test_two_users_see_only_their_data" time="1.211" /><testcase classname="tests.backend_test.TestJobs" name="test_crud" time="0.189" /><testcase classname="tests.backend_test.TestQuoteJobInvoiceFlow" name="test_full_flow" time="0.886" /><testcase classname="tests.backend_test.TestIsolation" name="test_dashboard_isolation" time="0.521" /><testcase classname="tests.backend_test.TestInvoices" name="test_crud" time="0.188" /><testcase classname="tests.backend_test.TestReports" name="test_reports_structure" time="0.086" /><testcase classname="tests.backend_test.TestCompany" name="test_get_and_save" time="0.174" /><testcase classname="tests.backend_test.TestDashboard" name="test_dashboard" time="0.051" /></testsuite></testsuites>